<?xml version="1.0" encoding="UTF-8"?>
<!-- Generated by org.testng.reporters.JUnitXMLReporter -->
<testsuite ignored="0" hostname="DESKTOP-88O1SMP" failures="1" tests="2" name="Test" time="0.015" errors="0" timestamp="2025-02-16T12:37:02 IST">
  <testcase classname="Test.Demo" name="hello" time="0.004">
    <failure type="java.lang.AssertionError" message="expected [true] but found [false]">
      <![CDATA[java.lang.AssertionError: expected [true] but found [false]
at Test.Demo.hello(Demo.java:12)
at java.base/java.util.ArrayList.forEach(ArrayList.java:1597)
... Removed 29 stack frames]]>
    </failure>
  </testcase> <!-- hello -->
  <testcase classname="Test.test2" name="nrml" time="0.001"/>
</testsuite> <!-- Test -->
